        -:    0:Source:dominion.c
        -:    0:Graph:dominion.gcno
        -:    0:Data:dominion.gcda
        -:    0:Runs:1
        -:    0:Programs:1
        -:    1:#include "dominion.h"
        -:    2:#include "dominion_helpers.h"
        -:    3:#include "rngs.h"
        -:    4:#include <stdio.h>
        -:    5:#include <math.h>
        -:    6:#include <stdlib.h>
        -:    7:
       45:    8:int compare(const void* a, const void* b) {
       45:    9:  if (*(int*)a > *(int*)b)
    #####:   10:    return 1;
       45:   11:  if (*(int*)a < *(int*)b)
       12:   12:    return -1;
       33:   13:  return 0;
        -:   14:}
        -:   15:
    #####:   16:struct gameState* newGame() {
    #####:   17:  struct gameState* g = malloc(sizeof(struct gameState));
    #####:   18:  return g;
        -:   19:}
        -:   20:
    #####:   21:int* kingdomCards(int k1, int k2, int k3, int k4, int k5, int k6, int k7,
        -:   22:		  int k8, int k9, int k10) {
    #####:   23:  int* k = malloc(10 * sizeof(int));
    #####:   24:  k[0] = k1;
    #####:   25:  k[1] = k2;
    #####:   26:  k[2] = k3;
    #####:   27:  k[3] = k4;
    #####:   28:  k[4] = k5;
    #####:   29:  k[5] = k6;
    #####:   30:  k[6] = k7;
    #####:   31:  k[7] = k8;
    #####:   32:  k[8] = k9;
    #####:   33:  k[9] = k10;
    #####:   34:  return k;
        -:   35:}
        -:   36:
        1:   37:int initializeGame(int numPlayers, int kingdomCards[10], int randomSeed,
        -:   38:		   struct gameState *state) {
        -:   39:
        -:   40:  int i;
        -:   41:  int j;
        -:   42:  int it;			
        -:   43:  //set up random number generator
        1:   44:  SelectStream(1);
        1:   45:  PutSeed((long)randomSeed);
        -:   46:  
        -:   47:  //check number of players
        1:   48:  if (numPlayers > MAX_PLAYERS || numPlayers < 2)
        -:   49:    {
    #####:   50:      return -1;
        -:   51:    }
        -:   52:
        -:   53:  //set number of players
        1:   54:  state->numPlayers = numPlayers;
        -:   55:
        -:   56:  //check selected kingdom cards are different
       11:   57:  for (i = 0; i < 10; i++)
        -:   58:    {
      110:   59:      for (j = 0; j < 10; j++)
        -:   60:        {
      100:   61:	  if (j != i && kingdomCards[j] == kingdomCards[i])
        -:   62:	    {
    #####:   63:	      return -1;
        -:   64:	    }
        -:   65:        }
        -:   66:    }
        -:   67:
        -:   68:
        -:   69:  //initialize supply
        -:   70:  ///////////////////////////////
        -:   71:
        -:   72:  //set number of Curse cards
        1:   73:  if (numPlayers == 2)
        -:   74:    {
    #####:   75:      state->supplyCount[curse] = 10;
        -:   76:    }
        1:   77:  else if (numPlayers == 3)
        -:   78:    {
        1:   79:      state->supplyCount[curse] = 20;
        -:   80:    }
        -:   81:  else
        -:   82:    {
    #####:   83:      state->supplyCount[curse] = 30;
        -:   84:    }
        -:   85:
        -:   86:  //set number of Victory cards
        1:   87:  if (numPlayers == 2)
        -:   88:    {
    #####:   89:      state->supplyCount[estate] = 8;
    #####:   90:      state->supplyCount[duchy] = 8;
    #####:   91:      state->supplyCount[province] = 8;
        -:   92:    }
        -:   93:  else
        -:   94:    {
        1:   95:      state->supplyCount[estate] = 12;
        1:   96:      state->supplyCount[duchy] = 12;
        1:   97:      state->supplyCount[province] = 12;
        -:   98:    }
        -:   99:
        -:  100:  //set number of Treasure cards
        1:  101:  state->supplyCount[copper] = 60 - (7 * numPlayers);
        1:  102:  state->supplyCount[silver] = 40;
        1:  103:  state->supplyCount[gold] = 30;
        -:  104:
        -:  105:  //set number of Kingdom cards
       21:  106:  for (i = adventurer; i <= treasure_map; i++)       	//loop all cards
        -:  107:    {
      165:  108:      for (j = 0; j < 10; j++)           		//loop chosen cards
        -:  109:	{
      155:  110:	  if (kingdomCards[j] == i)
        -:  111:	    {
        -:  112:	      //check if card is a 'Victory' Kingdom card
       10:  113:	      if (kingdomCards[j] == great_hall || kingdomCards[j] == gardens)
        -:  114:		{
        2:  115:		  if (numPlayers == 2){ 
    #####:  116:		    state->supplyCount[i] = 8; 
        -:  117:		  }
        1:  118:		  else{ state->supplyCount[i] = 12; }
        -:  119:		}
        -:  120:	      else
        -:  121:		{
        9:  122:		  state->supplyCount[i] = 10;
        -:  123:		}
       10:  124:	      break;
        -:  125:	    }
        -:  126:	  else    //card is not in the set choosen for the game
        -:  127:	    {
      145:  128:	      state->supplyCount[i] = -1;
        -:  129:	    }
        -:  130:	}
        -:  131:
        -:  132:    }
        -:  133:
        -:  134:  ////////////////////////
        -:  135:  //supply intilization complete
        -:  136:
        -:  137:  //set player decks
        4:  138:  for (i = 0; i < numPlayers; i++)
        -:  139:    {
        3:  140:      state->deckCount[i] = 0;
       12:  141:      for (j = 0; j < 3; j++)
        -:  142:	{
        9:  143:	  state->deck[i][j] = estate;
        9:  144:	  state->deckCount[i]++;
        -:  145:	}
       24:  146:      for (j = 3; j < 10; j++)
        -:  147:	{
       21:  148:	  state->deck[i][j] = copper;
       21:  149:	  state->deckCount[i]++;		
        -:  150:	}
        -:  151:    }
        -:  152:
        -:  153:  //shuffle player decks
        4:  154:  for (i = 0; i < numPlayers; i++)
        -:  155:    {
        3:  156:      if ( shuffle(i, state) < 0 )
        -:  157:	{
    #####:  158:	  return -1;
        -:  159:	}
        -:  160:    }
        -:  161:
        -:  162:  //draw player hands
        4:  163:  for (i = 0; i < numPlayers; i++)
        -:  164:    {  
        -:  165:      //initialize hand size to zero
        3:  166:      state->handCount[i] = 0;
        3:  167:      state->discardCount[i] = 0;
        -:  168:      //draw 5 cards
        -:  169:      // for (j = 0; j < 5; j++)
        -:  170:      //	{
        -:  171:      //	  drawCard(i, state);
        -:  172:      //	}
        -:  173:    }
        -:  174:  
        -:  175:  //set embargo tokens to 0 for all supply piles
       28:  176:  for (i = 0; i <= treasure_map; i++)
        -:  177:    {
       27:  178:      state->embargoTokens[i] = 0;
        -:  179:    }
        -:  180:
        -:  181:  //initialize first player's turn
        1:  182:  state->outpostPlayed = 0;
        1:  183:  state->phase = 0;
        1:  184:  state->numActions = 1;
        1:  185:  state->numBuys = 1;
        1:  186:  state->playedCardCount = 0;
        1:  187:  state->whoseTurn = 0;
        1:  188:  state->handCount[state->whoseTurn] = 0;
        -:  189:  //int it; move to top
        -:  190:
        -:  191:  //Moved draw cards to here, only drawing at the start of a turn
        6:  192:  for (it = 0; it < 5; it++){
        5:  193:    drawCard(state->whoseTurn, state);
        -:  194:  }
        -:  195:
        1:  196:  updateCoins(state->whoseTurn, state, 0);
        -:  197:
        1:  198:  return 0;
        -:  199:}
        -:  200:
        3:  201:int shuffle(int player, struct gameState *state) {
        -:  202: 
        -:  203:
        -:  204:  int newDeck[MAX_DECK];
        3:  205:  int newDeckPos = 0;
        -:  206:  int card;
        -:  207:  int i;
        -:  208:
        3:  209:  if (state->deckCount[player] < 1)
    #####:  210:    return -1;
        3:  211:  qsort ((void*)(state->deck[player]), state->deckCount[player], sizeof(int), compare); 
        -:  212:  /* SORT CARDS IN DECK TO ENSURE DETERMINISM! */
        -:  213:
       36:  214:  while (state->deckCount[player] > 0) {
       30:  215:    card = floor(Random() * state->deckCount[player]);
       30:  216:    newDeck[newDeckPos] = state->deck[player][card];
       30:  217:    newDeckPos++;
       94:  218:    for (i = card; i < state->deckCount[player]-1; i++) {
       64:  219:      state->deck[player][i] = state->deck[player][i+1];
        -:  220:    }
       30:  221:    state->deckCount[player]--;
        -:  222:  }
       33:  223:  for (i = 0; i < newDeckPos; i++) {
       30:  224:    state->deck[player][i] = newDeck[i];
       30:  225:    state->deckCount[player]++;
        -:  226:  }
        -:  227:
        3:  228:  return 0;
        -:  229:}
        -:  230:
    #####:  231:int playCard(int handPos, int choice1, int choice2, int choice3, struct gameState *state) 
        -:  232:{	
        -:  233:  int card;
    #####:  234:  int coin_bonus = 0; 		//tracks coins gain from actions
        -:  235:
        -:  236:  //check if it is the right phase
    #####:  237:  if (state->phase != 0)
        -:  238:    {
    #####:  239:      return -1;
        -:  240:    }
        -:  241:	
        -:  242:  //check if player has enough actions
    #####:  243:  if ( state->numActions < 1 )
        -:  244:    {
    #####:  245:      return -1;
        -:  246:    }
        -:  247:	
        -:  248:  //get card played
    #####:  249:  card = handCard(handPos, state);
        -:  250:	
        -:  251:  //check if selected card is an action
    #####:  252:  if ( card < adventurer || card > treasure_map )
        -:  253:    {
    #####:  254:      return -1;
        -:  255:    }
        -:  256:	
        -:  257:  //play card
    #####:  258:  if ( cardEffect(card, choice1, choice2, choice3, state, handPos, &coin_bonus) < 0 )
        -:  259:    {
    #####:  260:      return -1;
        -:  261:    }
        -:  262:	
        -:  263:  //reduce number of actions
    #####:  264:  state->numActions--;
        -:  265:
        -:  266:  //update coins (Treasure cards may be added with card draws)
    #####:  267:  updateCoins(state->whoseTurn, state, coin_bonus);
        -:  268:	
    #####:  269:  return 0;
        -:  270:}
        -:  271:
    #####:  272:int buyCard(int supplyPos, struct gameState *state) {
        -:  273:  int who;
        -:  274:  if (DEBUG){
        -:  275:    printf("Entering buyCard...\n");
        -:  276:  }
        -:  277:
        -:  278:  // I don't know what to do about the phase thing.
        -:  279:
    #####:  280:  who = state->whoseTurn;
        -:  281:
    #####:  282:  if (state->numBuys < 1){
        -:  283:    if (DEBUG)
        -:  284:      printf("You do not have any buys left\n");
    #####:  285:    return -1;
    #####:  286:  } else if (supplyCount(supplyPos, state) <1){
        -:  287:    if (DEBUG)
        -:  288:      printf("There are not any of that type of card left\n");
    #####:  289:    return -1;
    #####:  290:  } else if (state->coins < getCost(supplyPos)){
        -:  291:    if (DEBUG) 
        -:  292:      printf("You do not have enough money to buy that. You have %d coins.\n", state->coins);
    #####:  293:    return -1;
        -:  294:  } else {
    #####:  295:    state->phase=1;
        -:  296:    //state->supplyCount[supplyPos]--;
    #####:  297:    gainCard(supplyPos, state, 0, who); //card goes in discard, this might be wrong.. (2 means goes into hand, 0 goes into discard)
        -:  298:  
    #####:  299:    state->coins = (state->coins) - (getCost(supplyPos));
    #####:  300:    state->numBuys--;
        -:  301:    if (DEBUG)
        -:  302:      printf("You bought card number %d for %d coins. You now have %d buys and %d coins.\n", supplyPos, getCost(supplyPos), state->numBuys, state->coins);
        -:  303:  }
        -:  304:
        -:  305:  //state->discard[who][state->discardCount[who]] = supplyPos;
        -:  306:  //state->discardCount[who]++;
        -:  307:    
    #####:  308:  return 0;
        -:  309:}
        -:  310:
       10:  311:int numHandCards(struct gameState *state) {
       10:  312:  return state->handCount[ whoseTurn(state) ];
        -:  313:}
        -:  314:
    #####:  315:int handCard(int handPos, struct gameState *state) {
    #####:  316:  int currentPlayer = whoseTurn(state);
    #####:  317:  return state->hand[currentPlayer][handPos];
        -:  318:}
        -:  319:
    #####:  320:int supplyCount(int card, struct gameState *state) {
    #####:  321:  return state->supplyCount[card];
        -:  322:}
        -:  323:
    #####:  324:int fullDeckCount(int player, int card, struct gameState *state) {
        -:  325:  int i;
    #####:  326:  int count = 0;
        -:  327:
    #####:  328:  for (i = 0; i < state->deckCount[player]; i++)
        -:  329:    {
    #####:  330:      if (state->deck[player][i] == card) count++;
        -:  331:    }
        -:  332:
    #####:  333:  for (i = 0; i < state->handCount[player]; i++)
        -:  334:    {
    #####:  335:      if (state->hand[player][i] == card) count++;
        -:  336:    }
        -:  337:
    #####:  338:  for (i = 0; i < state->discardCount[player]; i++)
        -:  339:    {
    #####:  340:      if (state->discard[player][i] == card) count++;
        -:  341:    }
        -:  342:
    #####:  343:  return count;
        -:  344:}
        -:  345:
       11:  346:int whoseTurn(struct gameState *state) {
       11:  347:  return state->whoseTurn;
        -:  348:}
        -:  349:
    #####:  350:int endTurn(struct gameState *state) {
        -:  351:  int k;
        -:  352:  int i;
    #####:  353:  int currentPlayer = whoseTurn(state);
        -:  354:  
        -:  355:  //Discard hand
    #####:  356:  for (i = 0; i < state->handCount[currentPlayer]; i++){
    #####:  357:    state->discard[currentPlayer][state->discardCount[currentPlayer]++] = state->hand[currentPlayer][i];//Discard
    #####:  358:    state->hand[currentPlayer][i] = -1;//Set card to -1
        -:  359:  }
    #####:  360:  state->handCount[currentPlayer] = 0;//Reset hand count
        -:  361:    
        -:  362:  //Code for determining the player
    #####:  363:  if (currentPlayer < (state->numPlayers - 1)){ 
    #####:  364:    state->whoseTurn = currentPlayer + 1;//Still safe to increment
        -:  365:  }
        -:  366:  else{
    #####:  367:    state->whoseTurn = 0;//Max player has been reached, loop back around to player 1
        -:  368:  }
        -:  369:
    #####:  370:  state->outpostPlayed = 0;
    #####:  371:  state->phase = 0;
    #####:  372:  state->numActions = 1;
    #####:  373:  state->coins = 0;
    #####:  374:  state->numBuys = 1;
    #####:  375:  state->playedCardCount = 0;
    #####:  376:  state->handCount[state->whoseTurn] = 0;
        -:  377:
        -:  378:  //int k; move to top
        -:  379:  //Next player draws hand
    #####:  380:  for (k = 0; k < 5; k++){
    #####:  381:    drawCard(state->whoseTurn, state);//Draw a card
        -:  382:  }
        -:  383:
        -:  384:  //Update money
    #####:  385:  updateCoins(state->whoseTurn, state , 0);
        -:  386:
    #####:  387:  return 0;
        -:  388:}
        -:  389:
    #####:  390:int isGameOver(struct gameState *state) {
        -:  391:  int i;
        -:  392:  int j;
        -:  393:	
        -:  394:  //if stack of Province cards is empty, the game ends
    #####:  395:  if (state->supplyCount[province] == 0)
        -:  396:    {
    #####:  397:      return 1;
        -:  398:    }
        -:  399:
        -:  400:  //if three supply pile are at 0, the game ends
    #####:  401:  j = 0;
    #####:  402:  for (i = 0; i < 25; i++)
        -:  403:    {
    #####:  404:      if (state->supplyCount[i] == 0)
        -:  405:	{
    #####:  406:	  j++;
        -:  407:	}
        -:  408:    }
    #####:  409:  if ( j >= 3)
        -:  410:    {
    #####:  411:      return 1;
        -:  412:    }
        -:  413:
    #####:  414:  return 0;
        -:  415:}
        -:  416:
    #####:  417:int scoreFor (int player, struct gameState *state) {
        -:  418:
        -:  419:  int i;
    #####:  420:  int score = 0;
        -:  421:  //score from hand
    #####:  422:  for (i = 0; i < state->handCount[player]; i++)
        -:  423:    {
    #####:  424:      if (state->hand[player][i] == curse) { score = score - 1; };
    #####:  425:      if (state->hand[player][i] == estate) { score = score + 1; };
    #####:  426:      if (state->hand[player][i] == duchy) { score = score + 3; };
    #####:  427:      if (state->hand[player][i] == province) { score = score + 6; };
    #####:  428:      if (state->hand[player][i] == great_hall) { score = score + 1; };
    #####:  429:      if (state->hand[player][i] == gardens) { score = score + ( fullDeckCount(player, 0, state) / 10 ); };
        -:  430:    }
        -:  431:
        -:  432:  //score from discard
    #####:  433:  for (i = 0; i < state->discardCount[player]; i++)
        -:  434:    {
    #####:  435:      if (state->discard[player][i] == curse) { score = score - 1; };
    #####:  436:      if (state->discard[player][i] == estate) { score = score + 1; };
    #####:  437:      if (state->discard[player][i] == duchy) { score = score + 3; };
    #####:  438:      if (state->discard[player][i] == province) { score = score + 6; };
    #####:  439:      if (state->discard[player][i] == great_hall) { score = score + 1; };
    #####:  440:      if (state->discard[player][i] == gardens) { score = score + ( fullDeckCount(player, 0, state) / 10 ); };
        -:  441:    }
        -:  442:
        -:  443:  //score from deck
    #####:  444:  for (i = 0; i < state->discardCount[player]; i++)
        -:  445:    {
    #####:  446:      if (state->deck[player][i] == curse) { score = score - 1; };
    #####:  447:      if (state->deck[player][i] == estate) { score = score + 1; };
    #####:  448:      if (state->deck[player][i] == duchy) { score = score + 3; };
    #####:  449:      if (state->deck[player][i] == province) { score = score + 6; };
    #####:  450:      if (state->deck[player][i] == great_hall) { score = score + 1; };
    #####:  451:      if (state->deck[player][i] == gardens) { score = score + ( fullDeckCount(player, 0, state) / 10 ); };
        -:  452:    }
        -:  453:
    #####:  454:  return score;
        -:  455:}
        -:  456:
    #####:  457:int getWinners(int players[MAX_PLAYERS], struct gameState *state) {
        -:  458:  int i;	
        -:  459:  int j;
        -:  460:  int highScore;
        -:  461:  int currentPlayer;
        -:  462:
        -:  463:  //get score for each player
    #####:  464:  for (i = 0; i < MAX_PLAYERS; i++)
        -:  465:    {
        -:  466:      //set unused player scores to -9999
    #####:  467:      if (i >= state->numPlayers)
        -:  468:	{
    #####:  469:	  players[i] = -9999;
        -:  470:	}
        -:  471:      else
        -:  472:	{
    #####:  473:	  players[i] = scoreFor (i, state);
        -:  474:	}
        -:  475:    }
        -:  476:
        -:  477:  //find highest score
    #####:  478:  j = 0;
    #####:  479:  for (i = 0; i < MAX_PLAYERS; i++)
        -:  480:    {
    #####:  481:      if (players[i] > players[j])
        -:  482:	{
    #####:  483:	  j = i;
        -:  484:	}
        -:  485:    }
    #####:  486:  highScore = players[j];
        -:  487:
        -:  488:  //add 1 to players who had less turns
    #####:  489:  currentPlayer = whoseTurn(state);
    #####:  490:  for (i = 0; i < MAX_PLAYERS; i++)
        -:  491:    {
    #####:  492:      if ( players[i] == highScore && i > currentPlayer )
        -:  493:	{
    #####:  494:	  players[i]++;
        -:  495:	}
        -:  496:    }
        -:  497:
        -:  498:  //find new highest score
    #####:  499:  j = 0;
    #####:  500:  for (i = 0; i < MAX_PLAYERS; i++)
        -:  501:    {
    #####:  502:      if ( players[i] > players[j] )
        -:  503:	{
    #####:  504:	  j = i;
        -:  505:	}
        -:  506:    }
    #####:  507:  highScore = players[j];
        -:  508:
        -:  509:  //set winners in array to 1 and rest to 0
    #####:  510:  for (i = 0; i < MAX_PLAYERS; i++)
        -:  511:    {
    #####:  512:      if ( players[i] == highScore )
        -:  513:	{
    #####:  514:	  players[i] = 1;
        -:  515:	}
        -:  516:      else
        -:  517:	{
    #####:  518:	  players[i] = 0;
        -:  519:	}
        -:  520:    }
        -:  521:
    #####:  522:  return 0;
        -:  523:}
        -:  524:
       13:  525:int drawCard(int player, struct gameState *state)
        -:  526:{	int count;
        -:  527:  int deckCounter;
       13:  528:  if (state->deckCount[player] <= 0){//Deck is empty
        -:  529:    
        -:  530:    //Step 1 Shuffle the discard pile back into a deck
        -:  531:    int i;
        -:  532:    //Move discard to deck
    #####:  533:    for (i = 0; i < state->discardCount[player];i++){
    #####:  534:      state->deck[player][i] = state->discard[player][i];
    #####:  535:      state->discard[player][i] = -1;
        -:  536:    }
        -:  537:
    #####:  538:    state->deckCount[player] = state->discardCount[player];
    #####:  539:    state->discardCount[player] = 0;//Reset discard
        -:  540:
        -:  541:    //Shufffle the deck
    #####:  542:    shuffle(player, state);//Shuffle the deck up and make it so that we can draw
        -:  543:   
        -:  544:    if (DEBUG){//Debug statements
        -:  545:      printf("Deck count now: %d\n", state->deckCount[player]);
        -:  546:    }
        -:  547:    
    #####:  548:    state->discardCount[player] = 0;
        -:  549:
        -:  550:    //Step 2 Draw Card
    #####:  551:    count = state->handCount[player];//Get current player's hand count
        -:  552:    
        -:  553:    if (DEBUG){//Debug statements
        -:  554:      printf("Current hand count: %d\n", count);
        -:  555:    }
        -:  556:    
    #####:  557:    deckCounter = state->deckCount[player];//Create a holder for the deck count
        -:  558:
    #####:  559:    if (deckCounter == 0)
    #####:  560:      return -1;
        -:  561:
    #####:  562:    state->hand[player][count] = state->deck[player][deckCounter - 1];//Add card to hand
    #####:  563:    state->deckCount[player]--;
    #####:  564:    state->handCount[player]++;//Increment hand count
        -:  565:  }
        -:  566:
        -:  567:  else{
       13:  568:    int count = state->handCount[player];//Get current hand count for player
        -:  569:    int deckCounter;
        -:  570:    if (DEBUG){//Debug statements
        -:  571:      printf("Current hand count: %d\n", count);
        -:  572:    }
        -:  573:
       13:  574:    deckCounter = state->deckCount[player];//Create holder for the deck count
       13:  575:    state->hand[player][count] = state->deck[player][deckCounter - 1];//Add card to the hand
       13:  576:    state->deckCount[player]--;
       13:  577:    state->handCount[player]++;//Increment hand count
        -:  578:  }
        -:  579:
       13:  580:  return 0;
        -:  581:}
        -:  582:
    #####:  583:int getCost(int cardNumber)
        -:  584:{
    #####:  585:  switch( cardNumber ) 
        -:  586:    {
        -:  587:    case curse:
    #####:  588:      return 0;
        -:  589:    case estate:
    #####:  590:      return 2;
        -:  591:    case duchy:
    #####:  592:      return 5;
        -:  593:    case province:
    #####:  594:      return 8;
        -:  595:    case copper:
    #####:  596:      return 0;
        -:  597:    case silver:
    #####:  598:      return 3;
        -:  599:    case gold:
    #####:  600:      return 6;
        -:  601:    case adventurer:
    #####:  602:      return 6;
        -:  603:    case council_room:
    #####:  604:      return 5;
        -:  605:    case feast:
    #####:  606:      return 4;
        -:  607:    case gardens:
    #####:  608:      return 4;
        -:  609:    case mine:
    #####:  610:      return 5;
        -:  611:    case remodel:
    #####:  612:      return 4;
        -:  613:    case smithy:
    #####:  614:      return 4;
        -:  615:    case village:
    #####:  616:      return 3;
        -:  617:    case baron:
    #####:  618:      return 4;
        -:  619:    case great_hall:
    #####:  620:      return 3;
        -:  621:    case minion:
    #####:  622:      return 5;
        -:  623:    case steward:
    #####:  624:      return 3;
        -:  625:    case tribute:
    #####:  626:      return 5;
        -:  627:    case ambassador:
    #####:  628:      return 3;
        -:  629:    case cutpurse:
    #####:  630:      return 4;
        -:  631:    case embargo: 
    #####:  632:      return 2;
        -:  633:    case outpost:
    #####:  634:      return 5;
        -:  635:    case salvager:
    #####:  636:      return 4;
        -:  637:    case sea_hag:
    #####:  638:      return 4;
        -:  639:    case treasure_map:
    #####:  640:      return 4;
        -:  641:    }
        -:  642:	
    #####:  643:  return -1;
        -:  644:}
        -:  645:
    #####:  646:int cardSmithy(struct gameState *state, int handPos, int currentPlayer){
        -:  647:		
    #####:  648:	for (int i = 0; i < 3; i++){
    #####:  649:		drawCard(currentPlayer, state);
        -:  650:	}
        -:  651:			
        -:  652:    //discard card from hand
    #####:  653:    discardCard(handPos, currentPlayer, state, 0);
    #####:  654:    return 0;
        -:  655:}
        -:  656:
    #####:  657:int cardVillage(struct gameState *state, int handPos, int currentPlayer){
        -:  658:	  //+1 Card
    #####:  659:      drawCard(currentPlayer, state);
        -:  660:			
        -:  661:      //+2 Actions
    #####:  662:      state->numActions = state->numActions + 2;
        -:  663:			
        -:  664:      //discard played card from hand
    #####:  665:      discardCard(handPos, currentPlayer, state, 0);
    #####:  666:      return 0;
        -:  667:		
        -:  668:}
        -:  669:
    #####:  670:int cardGreatHall(struct gameState *state, int handPos, int currentPlayer){
        -:  671:	  //+1 Card
    #####:  672:      drawCard(currentPlayer, state);
        -:  673:			
        -:  674:      //+1 Actions
    #####:  675:      state->numActions++;
        -:  676:			
        -:  677:      //discard card from hand
    #####:  678:      discardCard(handPos, currentPlayer, state, 0);
    #####:  679:      return 0;
        -:  680:}
        -:  681:
    #####:  682:int cardSteward(struct gameState *state, int handPos, int currentPlayer, int choice1, int choice2){
    #####:  683:	if (choice1 == 2)
        -:  684:	{
        -:  685:	  //+2 cards
    #####:  686:	  drawCard(currentPlayer, state);
    #####:  687:	  drawCard(currentPlayer, state);
        -:  688:	}
    #####:  689:      else if (choice1 == 1)
        -:  690:	{
        -:  691:	  //+2 coins
    #####:  692:	  state->coins = state->coins + 2;
        -:  693:	}
        -:  694:      else
        -:  695:	{
        -:  696:	  //trash 2 cards in hand
    #####:  697:	  discardCard(choice2, currentPlayer, state, 1);
    #####:  698:	  discardCard(choice1, currentPlayer, state, 1);
        -:  699:	}
        -:  700:			
        -:  701:      //discard card from hand
    #####:  702:      discardCard(handPos, currentPlayer, state, 0);
    #####:  703:      return 0;
        -:  704:}
        -:  705:
    #####:  706:int cardCouncilRoom(struct gameState *state, int handPos, int currentPlayer){
        -:  707:	      //+4 Cards
    #####:  708:      for (int i = 0; i < 4; i++)
        -:  709:	{
    #####:  710:	  drawCard(currentPlayer, state);
        -:  711:	}
        -:  712:			
        -:  713:      //+1 Buy
    #####:  714:      state->numBuys++;
        -:  715:			
        -:  716:      //Each other player draws a card
    #####:  717:      for (int i = 0; i < state->numPlayers; i++)
        -:  718:	{
    #####:  719:	  if ( i != currentPlayer )
        -:  720:	    {
    #####:  721:	      drawCard(i, state);
        -:  722:	    }
        -:  723:	}
        -:  724:			
        -:  725:      //put played card in played card pile
    #####:  726:      discardCard(handPos, currentPlayer, state, 0);
        -:  727:			
    #####:  728:      return 0;
        -:  729:}
        -:  730:
        1:  731:int cardEffect(int card, int choice1, int choice2, int choice3, struct gameState *state, int handPos, int *bonus)
        -:  732:{
        -:  733:  int i;
        -:  734:  int j;
        -:  735:  int k;
        -:  736:  int x;
        -:  737:  int index;
        1:  738:  int currentPlayer = whoseTurn(state);
        1:  739:  int nextPlayer = currentPlayer + 1;
        -:  740:
        1:  741:  int tributeRevealedCards[2] = {-1, -1};
        -:  742:  int temphand[MAX_HAND];// moved above the if statement
        1:  743:  int drawntreasure=0;
        -:  744:  int cardDrawn;
        1:  745:  int z = 0;// this is the counter for the temp hand
        1:  746:  if (nextPlayer > (state->numPlayers - 1)){
        1:  747:    nextPlayer = 0;
        -:  748:  }
        -:  749:  
        -:  750:	
        -:  751:  //uses switch to select card and perform actions
        1:  752:  switch( card ) 
        -:  753:    {
        -:  754:    case adventurer:
    #####:  755:      while(drawntreasure<2){
    #####:  756:	if (state->deckCount[currentPlayer] <1){//if the deck is empty we need to shuffle discard and add to deck
    #####:  757:	  shuffle(currentPlayer, state);
        -:  758:	}
    #####:  759:	drawCard(currentPlayer, state);
    #####:  760:	cardDrawn = state->hand[currentPlayer][state->handCount[currentPlayer]-1];//top card of hand is most recently drawn card.
    #####:  761:	if (cardDrawn == copper || cardDrawn == silver || cardDrawn == gold)
    #####:  762:	  drawntreasure++;
        -:  763:	else{
    #####:  764:	  temphand[z]=cardDrawn;
    #####:  765:	  state->handCount[currentPlayer]--; //this should just remove the top card (the most recently drawn one).
    #####:  766:	  z++;
        -:  767:	}
        -:  768:      }
    #####:  769:      while(z-1>=0){
    #####:  770:	state->discard[currentPlayer][state->discardCount[currentPlayer]++]=temphand[z-1]; // discard all cards in play that have been drawn
    #####:  771:	z=z-1;
        -:  772:      }
    #####:  773:      return 0;
        -:  774:			
        -:  775:    case council_room:
        -:  776:      //+4 Cards
    #####:  777:      for (i = 0; i < 4; i++)
        -:  778:	{
    #####:  779:	  drawCard(currentPlayer, state);
        -:  780:	}
        -:  781:			
        -:  782:      //+1 Buy
    #####:  783:      state->numBuys++;
        -:  784:			
        -:  785:      //Each other player draws a card
    #####:  786:      for (i = 0; i < state->numPlayers; i++)
        -:  787:	{
    #####:  788:	  if ( i != currentPlayer )
        -:  789:	    {
    #####:  790:	      drawCard(i, state);
        -:  791:	    }
        -:  792:	}
        -:  793:			
        -:  794:      //put played card in played card pile
    #####:  795:      discardCard(handPos, currentPlayer, state, 0);
        -:  796:			
    #####:  797:      return 0;
        -:  798:			
        -:  799:    case feast:
        -:  800:      //gain card with cost up to 5
        -:  801:      //Backup hand
    #####:  802:      for (i = 0; i <= state->handCount[currentPlayer]; i++){
    #####:  803:	temphand[i] = state->hand[currentPlayer][i];//Backup card
    #####:  804:	state->hand[currentPlayer][i] = -1;//Set to nothing
        -:  805:      }
        -:  806:      //Backup hand
        -:  807:
        -:  808:      //Update Coins for Buy
    #####:  809:      updateCoins(currentPlayer, state, 5);
    #####:  810:      x = 1;//Condition to loop on
    #####:  811:      while( x == 1) {//Buy one card
    #####:  812:	if (supplyCount(choice1, state) <= 0){
        -:  813:	  if (DEBUG)
        -:  814:	    printf("None of that card left, sorry!\n");
        -:  815:
        -:  816:	  if (DEBUG){
        -:  817:	    printf("Cards Left: %d\n", supplyCount(choice1, state));
        -:  818:	  }
        -:  819:	}
    #####:  820:	else if (state->coins < getCost(choice1)){
    #####:  821:	  printf("That card is too expensive!\n");
        -:  822:
        -:  823:	  if (DEBUG){
        -:  824:	    printf("Coins: %d < %d\n", state->coins, getCost(choice1));
        -:  825:	  }
        -:  826:	}
        -:  827:	else{
        -:  828:
        -:  829:	  if (DEBUG){
        -:  830:	    printf("Deck Count: %d\n", state->handCount[currentPlayer] + state->deckCount[currentPlayer] + state->discardCount[currentPlayer]);
        -:  831:	  }
        -:  832:
    #####:  833:	  gainCard(choice1, state, 0, currentPlayer);//Gain the card
    #####:  834:	  x = 0;//No more buying cards
        -:  835:
        -:  836:	  if (DEBUG){
        -:  837:	    printf("Deck Count: %d\n", state->handCount[currentPlayer] + state->deckCount[currentPlayer] + state->discardCount[currentPlayer]);
        -:  838:	  }
        -:  839:
        -:  840:	}
        -:  841:      }     
        -:  842:
        -:  843:      //Reset Hand
    #####:  844:      for (i = 0; i <= state->handCount[currentPlayer]; i++){
    #####:  845:	state->hand[currentPlayer][i] = temphand[i];
    #####:  846:	temphand[i] = -1;
        -:  847:      }
        -:  848:      //Reset Hand
        -:  849:      			
    #####:  850:      return 0;
        -:  851:			
        -:  852:    case gardens:
    #####:  853:      return -1;
        -:  854:			
        -:  855:    case mine:
    #####:  856:      j = state->hand[currentPlayer][choice1];  //store card we will trash
        -:  857:
    #####:  858:      if (state->hand[currentPlayer][choice1] < copper || state->hand[currentPlayer][choice1] > gold)
        -:  859:	{
    #####:  860:	  return -1;
        -:  861:	}
        -:  862:		
    #####:  863:      if (choice2 > treasure_map || choice2 < curse)
        -:  864:	{
    #####:  865:	  return -1;
        -:  866:	}
        -:  867:
    #####:  868:      if ( (getCost(state->hand[currentPlayer][choice1]) + 3) > getCost(choice2) )
        -:  869:	{
    #####:  870:	  return -1;
        -:  871:	}
        -:  872:
    #####:  873:      gainCard(choice2, state, 2, currentPlayer);
        -:  874:
        -:  875:      //discard card from hand
    #####:  876:      discardCard(handPos, currentPlayer, state, 0);
        -:  877:
        -:  878:      //discard trashed card
    #####:  879:      for (i = 0; i < state->handCount[currentPlayer]; i++)
        -:  880:	{
    #####:  881:	  if (state->hand[currentPlayer][i] == j)
        -:  882:	    {
    #####:  883:	      discardCard(i, currentPlayer, state, 0);			
    #####:  884:	      break;
        -:  885:	    }
        -:  886:	}
        -:  887:			
    #####:  888:      return 0;
        -:  889:			
        -:  890:    case remodel:
    #####:  891:      j = state->hand[currentPlayer][choice1];  //store card we will trash
        -:  892:
    #####:  893:      if ( (getCost(state->hand[currentPlayer][choice1]) + 2) > getCost(choice2) )
        -:  894:	{
    #####:  895:	  return -1;
        -:  896:	}
        -:  897:
    #####:  898:      gainCard(choice2, state, 0, currentPlayer);
        -:  899:
        -:  900:      //discard card from hand
    #####:  901:      discardCard(handPos, currentPlayer, state, 0);
        -:  902:
        -:  903:      //discard trashed card
    #####:  904:      for (i = 0; i < state->handCount[currentPlayer]; i++)
        -:  905:	{
    #####:  906:	  if (state->hand[currentPlayer][i] == j)
        -:  907:	    {
    #####:  908:	      discardCard(i, currentPlayer, state, 0);			
    #####:  909:	      break;
        -:  910:	    }
        -:  911:	}
        -:  912:
        -:  913:
    #####:  914:      return 0;
        -:  915:		
        -:  916:    case smithy:
    #####:  917:		return(cardSmithy(state, handPos, currentPlayer));
        -:  918:		
        -:  919:    case village:
    #####:  920:		return(cardVillage(state, handPos, currentPlayer));
        -:  921:		
        -:  922:		
        -:  923:    case baron:
    #####:  924:      state->numBuys++;//Increase buys by 1!
    #####:  925:      if (choice1 > 0){//Boolean true or going to discard an estate
    #####:  926:	int p = 0;//Iterator for hand!
    #####:  927:	int card_not_discarded = 1;//Flag for discard set!
    #####:  928:	while(card_not_discarded){
    #####:  929:	  if (state->hand[currentPlayer][p] == estate){//Found an estate card!
    #####:  930:	    state->coins += 4;//Add 4 coins to the amount of coins
    #####:  931:	    state->discard[currentPlayer][state->discardCount[currentPlayer]] = state->hand[currentPlayer][p];
    #####:  932:	    state->discardCount[currentPlayer]++;
    #####:  933:	    for (;p < state->handCount[currentPlayer]; p++){
    #####:  934:	      state->hand[currentPlayer][p] = state->hand[currentPlayer][p+1];
        -:  935:	    }
    #####:  936:	    state->hand[currentPlayer][state->handCount[currentPlayer]] = -1;
    #####:  937:	    state->handCount[currentPlayer]--;
    #####:  938:	    card_not_discarded = 0;//Exit the loop
        -:  939:	  }
    #####:  940:	  else if (p > state->handCount[currentPlayer]){
        -:  941:	    if(DEBUG) {
        -:  942:	      printf("No estate cards in your hand, invalid choice\n");
        -:  943:	      printf("Must gain an estate if there are any\n");
        -:  944:	    }
    #####:  945:	    if (supplyCount(estate, state) > 0){
    #####:  946:	      gainCard(estate, state, 0, currentPlayer);
    #####:  947:	      state->supplyCount[estate]--;//Decrement estates
    #####:  948:	      if (supplyCount(estate, state) == 0){
    #####:  949:		isGameOver(state);
        -:  950:	      }
        -:  951:	    }
    #####:  952:	    card_not_discarded = 0;//Exit the loop
        -:  953:	  }
        -:  954:			    
        -:  955:	  else{
    #####:  956:	    p++;//Next card
        -:  957:	  }
        -:  958:	}
        -:  959:      }
        -:  960:			    
        -:  961:      else{
    #####:  962:	if (supplyCount(estate, state) > 0){
    #####:  963:	  gainCard(estate, state, 0, currentPlayer);//Gain an estate
    #####:  964:	  state->supplyCount[estate]--;//Decrement Estates
    #####:  965:	  if (supplyCount(estate, state) == 0){
    #####:  966:	    isGameOver(state);
        -:  967:	  }
        -:  968:	}
        -:  969:      }
        -:  970:	    
        -:  971:      
    #####:  972:      return 0;
        -:  973:		
        -:  974:    case great_hall:
    #####:  975:		return(cardGreatHall(state, handPos, currentPlayer));
        -:  976:		
        -:  977:		
        -:  978:    case minion:
        -:  979:      //+1 action
        1:  980:      state->numActions++;
        -:  981:			
        -:  982:      //discard card from hand
        1:  983:      discardCard(handPos, currentPlayer, state, 0);
        -:  984:			
        1:  985:      if (choice1)		//+2 coins
        -:  986:	{
    #####:  987:	  state->coins = state->coins + 1;
        -:  988:	}
        -:  989:			
        1:  990:      else if (choice2)		//discard hand, redraw 4, other players with 5+ cards discard hand and draw 4
        -:  991:	{
        -:  992:	  //discard hand
       11:  993:	  while(numHandCards(state) > 0)
        -:  994:	    {
        9:  995:	      discardCard(handPos, currentPlayer, state, 0);
        -:  996:	    }
        -:  997:				
        -:  998:	  //draw 4
        5:  999:	  for (i = 0; i < 4; i++)
        -: 1000:	    {
        4: 1001:	      drawCard(currentPlayer, state);
        -: 1002:	    }
        -: 1003:				
        -: 1004:	  //other players discard hand and redraw if hand size > 4
        4: 1005:	  for (i = 0; i < state->numPlayers; i++)
        -: 1006:	    {
        3: 1007:	      if (i != currentPlayer)
        -: 1008:		{
        2: 1009:		  if ( state->handCount[i] > 4 )
        -: 1010:		    {
        -: 1011:		      //discard hand
       10: 1012:		      while( state->handCount[i] > 0 )
        -: 1013:			{
        8: 1014:			  discardCard(handPos, i, state, 0);
        -: 1015:			}
        -: 1016:							
        -: 1017:		      //draw 4
        5: 1018:		      for (j = 0; j < 4; j++)
        -: 1019:			{
        4: 1020:			  drawCard(i, state);
        -: 1021:			}
        -: 1022:		    }
        -: 1023:		}
        -: 1024:	    }
        -: 1025:				
        -: 1026:	}
        1: 1027:      return 0;
        -: 1028:		
        -: 1029:    case steward:
    #####: 1030:		return(cardSteward(state, handPos, currentPlayer, choice1, choice2));
        -: 1031:		
        -: 1032:    case tribute:
    #####: 1033:      if ((state->discardCount[nextPlayer] + state->deckCount[nextPlayer]) <= 1){
    #####: 1034:	if (state->deckCount[nextPlayer] > 0){
    #####: 1035:	  tributeRevealedCards[0] = state->deck[nextPlayer][state->deckCount[nextPlayer]-1];
    #####: 1036:	  state->deckCount[nextPlayer]--;
        -: 1037:	}
    #####: 1038:	else if (state->discardCount[nextPlayer] > 0){
    #####: 1039:	  tributeRevealedCards[0] = state->discard[nextPlayer][state->discardCount[nextPlayer]-1];
    #####: 1040:	  state->discardCount[nextPlayer]--;
        -: 1041:	}
        -: 1042:	else{
        -: 1043:	  //No Card to Reveal
        -: 1044:	  if (DEBUG){
        -: 1045:	    printf("No cards to reveal\n");
        -: 1046:	  }
        -: 1047:	}
        -: 1048:      }
        -: 1049:	    
        -: 1050:      else{
    #####: 1051:	if (state->deckCount[nextPlayer] == 0){
    #####: 1052:	  for (i = 0; i < state->discardCount[nextPlayer]; i++){
    #####: 1053:	    state->deck[nextPlayer][i] = state->discard[nextPlayer][i];//Move to deck
    #####: 1054:	    state->deckCount[nextPlayer]++;
    #####: 1055:	    state->discard[nextPlayer][i] = -1;
    #####: 1056:	    state->discardCount[nextPlayer]--;
        -: 1057:	  }
        -: 1058:			    
    #####: 1059:	  shuffle(nextPlayer,state);//Shuffle the deck
        -: 1060:	} 
    #####: 1061:	tributeRevealedCards[0] = state->deck[nextPlayer][state->deckCount[nextPlayer]-1];
    #####: 1062:	state->deck[nextPlayer][state->deckCount[nextPlayer]--] = -1;
    #####: 1063:	state->deckCount[nextPlayer]--;
    #####: 1064:	tributeRevealedCards[1] = state->deck[nextPlayer][state->deckCount[nextPlayer]-1];
    #####: 1065:	state->deck[nextPlayer][state->deckCount[nextPlayer]--] = -1;
    #####: 1066:	state->deckCount[nextPlayer]--;
        -: 1067:      }    
        -: 1068:		       
    #####: 1069:      if (tributeRevealedCards[0] == tributeRevealedCards[1]){//If we have a duplicate card, just drop one 
    #####: 1070:	state->playedCards[state->playedCardCount] = tributeRevealedCards[1];
    #####: 1071:	state->playedCardCount++;
    #####: 1072:	tributeRevealedCards[1] = -1;
        -: 1073:      }
        -: 1074:
    #####: 1075:      for (i = 0; i <= 2; i ++){
    #####: 1076:	if (tributeRevealedCards[i] == copper || tributeRevealedCards[i] == silver || tributeRevealedCards[i] == gold){//Treasure cards
    #####: 1077:	  state->coins += 2;
        -: 1078:	}
        -: 1079:		    
    #####: 1080:	else if (tributeRevealedCards[i] == estate || tributeRevealedCards[i] == duchy || tributeRevealedCards[i] == province || tributeRevealedCards[i] == gardens || tributeRevealedCards[i] == great_hall){//Victory Card Found
    #####: 1081:	  drawCard(currentPlayer, state);
    #####: 1082:	  drawCard(currentPlayer, state);
        -: 1083:	}
        -: 1084:	else{//Action Card
    #####: 1085:	  state->numActions = state->numActions + 2;
        -: 1086:	}
        -: 1087:      }
        -: 1088:	    
    #####: 1089:      return 0;
        -: 1090:		
        -: 1091:    case ambassador:
    #####: 1092:      j = 0;		//used to check if player has enough cards to discard
        -: 1093:
    #####: 1094:      if (choice2 > 2 || choice2 < 0)
        -: 1095:	{
    #####: 1096:	  return -1;				
        -: 1097:	}
        -: 1098:
    #####: 1099:      if (choice1 == handPos)
        -: 1100:	{
    #####: 1101:	  return -1;
        -: 1102:	}
        -: 1103:
    #####: 1104:      for (i = 0; i < state->handCount[currentPlayer]; i++)
        -: 1105:	{
    #####: 1106:	  if (i != handPos && i == state->hand[currentPlayer][choice1] && i != choice1)
        -: 1107:	    {
    #####: 1108:	      j++;
        -: 1109:	    }
        -: 1110:	}
    #####: 1111:      if (j < choice2)
        -: 1112:	{
    #####: 1113:	  return -1;				
        -: 1114:	}
        -: 1115:
        -: 1116:      if (DEBUG) 
        -: 1117:	printf("Player %d reveals card number: %d\n", currentPlayer, state->hand[currentPlayer][choice1]);
        -: 1118:
        -: 1119:      //increase supply count for choosen card by amount being discarded
    #####: 1120:      state->supplyCount[state->hand[currentPlayer][choice1]] += choice2;
        -: 1121:			
        -: 1122:      //each other player gains a copy of revealed card
    #####: 1123:      for (i = 0; i < state->numPlayers; i++)
        -: 1124:	{
    #####: 1125:	  if (i != currentPlayer)
        -: 1126:	    {
    #####: 1127:	      gainCard(state->hand[currentPlayer][choice1], state, 0, i);
        -: 1128:	    }
        -: 1129:	}
        -: 1130:
        -: 1131:      //discard played card from hand
    #####: 1132:      discardCard(handPos, currentPlayer, state, 0);			
        -: 1133:
        -: 1134:      //trash copies of cards returned to supply
    #####: 1135:      for (j = 0; j < choice2; j++)
        -: 1136:	{
    #####: 1137:	  for (i = 0; i < state->handCount[currentPlayer]; i++)
        -: 1138:	    {
    #####: 1139:	      if (state->hand[currentPlayer][i] == state->hand[currentPlayer][choice1])
        -: 1140:		{
    #####: 1141:		  discardCard(i, currentPlayer, state, 1);
    #####: 1142:		  break;
        -: 1143:		}
        -: 1144:	    }
        -: 1145:	}			
        -: 1146:
    #####: 1147:      return 0;
        -: 1148:		
        -: 1149:    case cutpurse:
        -: 1150:
    #####: 1151:      updateCoins(currentPlayer, state, 2);
    #####: 1152:      for (i = 0; i < state->numPlayers; i++)
        -: 1153:	{
    #####: 1154:	  if (i != currentPlayer)
        -: 1155:	    {
    #####: 1156:	      for (j = 0; j < state->handCount[i]; j++)
        -: 1157:		{
    #####: 1158:		  if (state->hand[i][j] == copper)
        -: 1159:		    {
    #####: 1160:		      discardCard(j, i, state, 0);
    #####: 1161:		      break;
        -: 1162:		    }
    #####: 1163:		  if (j == state->handCount[i])
        -: 1164:		    {
    #####: 1165:		      for (k = 0; k < state->handCount[i]; k++)
        -: 1166:			{
        -: 1167:			  if (DEBUG)
        -: 1168:			    printf("Player %d reveals card number %d\n", i, state->hand[i][k]);
        -: 1169:			}	
    #####: 1170:		      break;
        -: 1171:		    }		
        -: 1172:		}
        -: 1173:					
        -: 1174:	    }
        -: 1175:				
        -: 1176:	}				
        -: 1177:
        -: 1178:      //discard played card from hand
    #####: 1179:      discardCard(handPos, currentPlayer, state, 0);			
        -: 1180:
    #####: 1181:      return 0;
        -: 1182:
        -: 1183:		
        -: 1184:    case embargo: 
        -: 1185:      //+2 Coins
    #####: 1186:      state->coins = state->coins + 2;
        -: 1187:			
        -: 1188:      //see if selected pile is in play
    #####: 1189:      if ( state->supplyCount[choice1] == -1 )
        -: 1190:	{
    #####: 1191:	  return -1;
        -: 1192:	}
        -: 1193:			
        -: 1194:      //add embargo token to selected supply pile
    #####: 1195:      state->embargoTokens[choice1]++;
        -: 1196:			
        -: 1197:      //trash card
    #####: 1198:      discardCard(handPos, currentPlayer, state, 1);		
    #####: 1199:      return 0;
        -: 1200:		
        -: 1201:    case outpost:
        -: 1202:      //set outpost flag
    #####: 1203:      state->outpostPlayed++;
        -: 1204:			
        -: 1205:      //discard card
    #####: 1206:      discardCard(handPos, currentPlayer, state, 0);
    #####: 1207:      return 0;
        -: 1208:		
        -: 1209:    case salvager:
        -: 1210:      //+1 buy
    #####: 1211:      state->numBuys++;
        -: 1212:			
    #####: 1213:      if (choice1)
        -: 1214:	{
        -: 1215:	  //gain coins equal to trashed card
    #####: 1216:	  state->coins = state->coins + getCost( handCard(choice1, state) );
        -: 1217:	  //trash card
    #####: 1218:	  discardCard(choice1, currentPlayer, state, 1);	
        -: 1219:	}
        -: 1220:			
        -: 1221:      //discard card
    #####: 1222:      discardCard(handPos, currentPlayer, state, 0);
    #####: 1223:      return 0;
        -: 1224:		
        -: 1225:    case sea_hag:
    #####: 1226:      for (i = 0; i < state->numPlayers; i++){
    #####: 1227:	if (i != currentPlayer){
    #####: 1228:	  state->discard[i][state->discardCount[i]] = state->deck[i][state->deckCount[i]--];			    state->deckCount[i]--;
    #####: 1229:	  state->discardCount[i]++;
    #####: 1230:	  state->deck[i][state->deckCount[i]--] = curse;//Top card now a curse
        -: 1231:	}
        -: 1232:      }
    #####: 1233:      return 0;
        -: 1234:		
        -: 1235:    case treasure_map:
        -: 1236:      //search hand for another treasure_map
    #####: 1237:      index = -1;
    #####: 1238:      for (i = 0; i < state->handCount[currentPlayer]; i++)
        -: 1239:	{
    #####: 1240:	  if (state->hand[currentPlayer][i] == treasure_map && i != handPos)
        -: 1241:	    {
    #####: 1242:	      index = i;
    #####: 1243:	      break;
        -: 1244:	    }
        -: 1245:	}
    #####: 1246:      if (index > -1)
        -: 1247:	{
        -: 1248:	  //trash both treasure cards
    #####: 1249:	  discardCard(handPos, currentPlayer, state, 1);
    #####: 1250:	  discardCard(index, currentPlayer, state, 1);
        -: 1251:
        -: 1252:	  //gain 4 Gold cards
    #####: 1253:	  for (i = 0; i < 4; i++)
        -: 1254:	    {
    #####: 1255:	      gainCard(gold, state, 1, currentPlayer);
        -: 1256:	    }
        -: 1257:				
        -: 1258:	  //return success
    #####: 1259:	  return 1;
        -: 1260:	}
        -: 1261:			
        -: 1262:      //no second treasure_map found in hand
    #####: 1263:      return -1;
        -: 1264:    }
        -: 1265:	
    #####: 1266:  return -1;
        -: 1267:}
        -: 1268:
        -: 1269://specific cards
        -: 1270:
        -: 1271:
        -: 1272:
        -: 1273:
       18: 1274:int discardCard(int handPos, int currentPlayer, struct gameState *state, int trashFlag)
        -: 1275:{
        -: 1276:	
        -: 1277:  //if card is not trashed, added to Played pile 
       18: 1278:  if (trashFlag < 1)
        -: 1279:    {
        -: 1280:      //add card to played pile
       18: 1281:      state->playedCards[state->playedCardCount] = state->hand[currentPlayer][handPos]; 
       18: 1282:      state->playedCardCount++;
        -: 1283:    }
        -: 1284:	
        -: 1285:  //set played card to -1
       18: 1286:  state->hand[currentPlayer][handPos] = -1;
        -: 1287:	
        -: 1288:  //remove card from player's hand
       18: 1289:  if ( handPos == (state->handCount[currentPlayer] - 1) ) 	//last card in hand array is played
        -: 1290:    {
        -: 1291:      //reduce number of cards in hand
    #####: 1292:      state->handCount[currentPlayer]--;
        -: 1293:    }
       18: 1294:  else if ( state->handCount[currentPlayer] == 1 ) //only one card in hand
        -: 1295:    {
        -: 1296:      //reduce number of cards in hand
        2: 1297:      state->handCount[currentPlayer]--;
        -: 1298:    }
        -: 1299:  else 	
        -: 1300:    {
        -: 1301:      //replace discarded card with last card in hand
       16: 1302:      state->hand[currentPlayer][handPos] = state->hand[currentPlayer][ (state->handCount[currentPlayer] - 1)];
        -: 1303:      //set last card to -1
       16: 1304:      state->hand[currentPlayer][state->handCount[currentPlayer] - 1] = -1;
        -: 1305:      //reduce number of cards in hand
       16: 1306:      state->handCount[currentPlayer]--;
        -: 1307:    }
        -: 1308:	
       18: 1309:  return 0;
        -: 1310:}
        -: 1311:
    #####: 1312:int gainCard(int supplyPos, struct gameState *state, int toFlag, int player)
        -: 1313:{
        -: 1314:  //Note: supplyPos is enum of choosen card
        -: 1315:	
        -: 1316:  //check if supply pile is empty (0) or card is not used in game (-1)
    #####: 1317:  if ( supplyCount(supplyPos, state) < 1 )
        -: 1318:    {
    #####: 1319:      return -1;
        -: 1320:    }
        -: 1321:	
        -: 1322:  //added card for [whoseTurn] current player:
        -: 1323:  // toFlag = 0 : add to discard
        -: 1324:  // toFlag = 1 : add to deck
        -: 1325:  // toFlag = 2 : add to hand
        -: 1326:
    #####: 1327:  if (toFlag == 1)
        -: 1328:    {
    #####: 1329:      state->deck[ player ][ state->deckCount[player] ] = supplyPos;
    #####: 1330:      state->deckCount[player]++;
        -: 1331:    }
    #####: 1332:  else if (toFlag == 2)
        -: 1333:    {
    #####: 1334:      state->hand[ player ][ state->handCount[player] ] = supplyPos;
    #####: 1335:      state->handCount[player]++;
        -: 1336:    }
        -: 1337:  else
        -: 1338:    {
    #####: 1339:      state->discard[player][ state->discardCount[player] ] = supplyPos;
    #####: 1340:      state->discardCount[player]++;
        -: 1341:    }
        -: 1342:	
        -: 1343:  //decrease number in supply pile
    #####: 1344:  state->supplyCount[supplyPos]--;
        -: 1345:	 
    #####: 1346:  return 0;
        -: 1347:}
        -: 1348:
        1: 1349:int updateCoins(int player, struct gameState *state, int bonus)
        -: 1350:{
        -: 1351:  int i;
        -: 1352:	
        -: 1353:  //reset coin count
        1: 1354:  state->coins = 0;
        -: 1355:
        -: 1356:  //add coins for each Treasure card in player's hand
        6: 1357:  for (i = 0; i < state->handCount[player]; i++)
        -: 1358:    {
        5: 1359:      if (state->hand[player][i] == copper)
        -: 1360:	{
        3: 1361:	  state->coins += 1;
        -: 1362:	}
        2: 1363:      else if (state->hand[player][i] == silver)
        -: 1364:	{
    #####: 1365:	  state->coins += 2;
        -: 1366:	}
        2: 1367:      else if (state->hand[player][i] == gold)
        -: 1368:	{
    #####: 1369:	  state->coins += 3;
        -: 1370:	}	
        -: 1371:    }	
        -: 1372:
        -: 1373:  //add bonus
        1: 1374:  state->coins += bonus;
        -: 1375:
        1: 1376:  return 0;
        -: 1377:}
        -: 1378:
        -: 1379:
        -: 1380://end of dominion.c
        -: 1381:
