        -:    0:Source:randomtestcard1.c
        -:    0:Graph:randomtestcard1.gcno
        -:    0:Data:randomtestcard1.gcda
        -:    0:Runs:1
        -:    0:Programs:1
        -:    1:#include <stdlib.h>
        -:    2:#include <string.h>
        -:    3:#include <stdio.h>
        -:    4:#include <time.h>
        -:    5:#include "rngs.h"
        -:    6:#include "dominion.h"
        -:    7:#include "dominion_helpers.h"
        -:    8:
function main called 1 returned 100% blocks executed 100%
        1:    9:int main(int argc, char** argv){
        -:   10:	
        1:   11:	int numTests = atoi(argv[1]);
call    0 returned 1
        1:   12:	srand(time(NULL));
call    0 returned 1
call    1 returned 1
        1:   13:	int passed = 0;
        -:   14:	
       43:   15:	for(int i = 0; i < numTests; i++){
branch  0 taken 42
branch  1 taken 1 (fallthrough)
       42:   16:		int good = 0;
       42:   17:		int numPlayers = rand() %(MAX_PLAYERS - 1) + 2;
call    0 returned 42
        -:   18:		
        -:   19:		struct gameState game;
       42:   20:		int k[10] = {adventurer, gardens, embargo, village, steward, mine, cutpurse, sea_hag, tribute, smithy};
        -:   21:		
       42:   22:		initializeGame(numPlayers, k, rand(), &game);
call    0 returned 42
call    1 returned 42
        -:   23:		
       42:   24:		int player = rand() % numPlayers;
call    0 returned 42
       42:   25:		game.whoseTurn = player;
       42:   26:		int bonus = rand() % 50;
call    0 returned 42
       42:   27:        int choice1 = rand() % 50;
call    0 returned 42
       42:   28:        int choice2 = rand() % 50;
call    0 returned 42
       42:   29:        int choice3 = rand() % 50;
call    0 returned 42
       42:   30:        int handPos = rand() % MAX_HAND;
call    0 returned 42
        -:   31:
        -:   32:        struct gameState orig;
       42:   33:        memcpy(&orig, &game, sizeof(struct gameState));
        -:   34:		
       42:   35:		cardEffect(village, choice1, choice2, choice3, &game, handPos, &bonus);
call    0 returned 42
        -:   36:		
       42:   37:		if(game.numActions > orig.numActions){
branch  0 taken 42 (fallthrough)
branch  1 taken 0
       42:   38:			good++;
        -:   39:		}
       42:   40:		if(game.handCount[game.whoseTurn] == orig.handCount[orig.whoseTurn]){
branch  0 taken 42 (fallthrough)
branch  1 taken 0
       42:   41:			good++;
        -:   42:		}
       42:   43:		if(good >= 2){
branch  0 taken 42 (fallthrough)
branch  1 taken 0
       42:   44:			passed++;
        -:   45:		}
        -:   46:		
        -:   47:	}
        1:   48:	printf("RandomTestVillage: %d of %d TESTS PASSED\n", passed, numTests);
call    0 returned 1
        -:   49:}
        -:   50:
